System has not been booted with systemd as init system (PID 1). Can't operate.
Failed to connect to bus: Host is down


------------------------------------------------------------------------------
Subject: 1_Control
------------------------------------------------------------------------------

Divergences:
0 of 16000 iterations ended with a divergence.

Tree depth:
0 of 16000 iterations saturated the maximum tree depth of 20.

Energy:
E-BFMI indicated no pathological behavior.

Max Rhat: 1 
Min number of effective samples: 7862.524 
Perc of pareto k values > 0.7: 0.1935484

------------------------------------------------------------------------------
Subject: 1_Schizophrenia
------------------------------------------------------------------------------

Divergences:
0 of 16000 iterations ended with a divergence.

Tree depth:
0 of 16000 iterations saturated the maximum tree depth of 20.

Energy:
E-BFMI indicated no pathological behavior.

Max Rhat: 1 
Min number of effective samples: 7145.745 
Perc of pareto k values > 0.7: 0.04

------------------------------------------------------------------------------
Subject: 104_Control
------------------------------------------------------------------------------

Divergences:
0 of 16000 iterations ended with a divergence.

Tree depth:
0 of 16000 iterations saturated the maximum tree depth of 20.

Energy:
E-BFMI indicated no pathological behavior.

Max Rhat: 1 
Min number of effective samples: 6467.853 
Perc of pareto k values > 0.7: 0.078125

------------------------------------------------------------------------------
Subject: 104_Schizophrenia
------------------------------------------------------------------------------

Divergences:
0 of 16000 iterations ended with a divergence.

Tree depth:
0 of 16000 iterations saturated the maximum tree depth of 20.

Energy:
E-BFMI indicated no pathological behavior.

Max Rhat: 1 
Min number of effective samples: 6331.152 
Perc of pareto k values > 0.7: 0.03061224

------------------------------------------------------------------------------
Subject: 165_Control
------------------------------------------------------------------------------

Divergences:
0 of 16000 iterations ended with a divergence.

Tree depth:
0 of 16000 iterations saturated the maximum tree depth of 20.

Energy:
E-BFMI indicated no pathological behavior.

Max Rhat: 1 
Min number of effective samples: 3249.693 
Perc of pareto k values > 0.7: 0.04761905

------------------------------------------------------------------------------
Subject: 165_Schizophrenia
------------------------------------------------------------------------------

Divergences:
0 of 16000 iterations ended with a divergence.

Tree depth:
0 of 16000 iterations saturated the maximum tree depth of 20.

Energy:
E-BFMI indicated no pathological behavior.

Max Rhat: 1 
Min number of effective samples: 7418.295 
Perc of pareto k values > 0.7: 0

------------------------------------------------------------------------------
Subject: 166_Control
------------------------------------------------------------------------------

Divergences:
0 of 16000 iterations ended with a divergence.

Tree depth:
0 of 16000 iterations saturated the maximum tree depth of 20.

Energy:
E-BFMI indicated no pathological behavior.

Max Rhat: 1 
Min number of effective samples: 2821.703 
Perc of pareto k values > 0.7: 0.05714286

------------------------------------------------------------------------------
Subject: 166_Schizophrenia
------------------------------------------------------------------------------

Divergences:
0 of 16000 iterations ended with a divergence.

Tree depth:
0 of 16000 iterations saturated the maximum tree depth of 20.

Energy:
E-BFMI indicated no pathological behavior.

Max Rhat: 1 
Min number of effective samples: 7111.108 
Perc of pareto k values > 0.7: 0.04545455

------------------------------------------------------------------------------
Subject: 167_Control
------------------------------------------------------------------------------

Divergences:
0 of 16000 iterations ended with a divergence.

Tree depth:
0 of 16000 iterations saturated the maximum tree depth of 20.

Energy:
E-BFMI indicated no pathological behavior.

Max Rhat: 1 
Min number of effective samples: 5968.743 
Perc of pareto k values > 0.7: 0.03225806

------------------------------------------------------------------------------
Subject: 167_Schizophrenia
------------------------------------------------------------------------------

Divergences:
0 of 16000 iterations ended with a divergence.

Tree depth:
0 of 16000 iterations saturated the maximum tree depth of 20.

Energy:
E-BFMI indicated no pathological behavior.

Max Rhat: 1 
Min number of effective samples: 8316.649 
Perc of pareto k values > 0.7: 0.04123711

------------------------------------------------------------------------------
Subject: 189_Control
------------------------------------------------------------------------------

Divergences:
0 of 16000 iterations ended with a divergence.

Tree depth:
0 of 16000 iterations saturated the maximum tree depth of 20.

Energy:
E-BFMI indicated no pathological behavior.

Max Rhat: 1 
Min number of effective samples: 8947.436 
Perc of pareto k values > 0.7: 0.05494505

------------------------------------------------------------------------------
Subject: 189_Schizophrenia
------------------------------------------------------------------------------

Divergences:
0 of 16000 iterations ended with a divergence.

Tree depth:
0 of 16000 iterations saturated the maximum tree depth of 20.

Energy:
E-BFMI indicated no pathological behavior.

Max Rhat: 1 
Min number of effective samples: 8823.946 
Perc of pareto k values > 0.7: 0.03896104

------------------------------------------------------------------------------
Subject: 198_Control
------------------------------------------------------------------------------

Divergences:
0 of 16000 iterations ended with a divergence.

Tree depth:
0 of 16000 iterations saturated the maximum tree depth of 20.

Energy:
E-BFMI indicated no pathological behavior.

Max Rhat: 1 
Min number of effective samples: 3724.51 
Perc of pareto k values > 0.7: 0.04615385

------------------------------------------------------------------------------
Subject: 198_Schizophrenia
------------------------------------------------------------------------------

Divergences:
0 of 16000 iterations ended with a divergence.

Tree depth:
0 of 16000 iterations saturated the maximum tree depth of 20.

Energy:
E-BFMI indicated no pathological behavior.

Max Rhat: 1 
Min number of effective samples: 3055.397 
Perc of pareto k values > 0.7: 0.01

------------------------------------------------------------------------------
Subject: 23_Control
------------------------------------------------------------------------------

Divergences:
0 of 16000 iterations ended with a divergence.

Tree depth:
0 of 16000 iterations saturated the maximum tree depth of 20.

Energy:
E-BFMI indicated no pathological behavior.

Max Rhat: 1 
Min number of effective samples: 6977.823 
Perc of pareto k values > 0.7: 0.1449275

------------------------------------------------------------------------------
Subject: 247_Control
------------------------------------------------------------------------------

Divergences:
0 of 16000 iterations ended with a divergence.

Tree depth:
0 of 16000 iterations saturated the maximum tree depth of 20.

Energy:
E-BFMI indicated no pathological behavior.

Max Rhat: 1 
Min number of effective samples: 6465.49 
Perc of pareto k values > 0.7: 0.1470588

------------------------------------------------------------------------------
Subject: 247_Schizophrenia
------------------------------------------------------------------------------

Divergences:
0 of 16000 iterations ended with a divergence.

Tree depth:
0 of 16000 iterations saturated the maximum tree depth of 20.

Energy:
E-BFMI indicated no pathological behavior.

Max Rhat: 1 
Min number of effective samples: 7131.226 
Perc of pareto k values > 0.7: 0.2089552

------------------------------------------------------------------------------
Subject: 25_Control
------------------------------------------------------------------------------

Divergences:
0 of 16000 iterations ended with a divergence.

Tree depth:
0 of 16000 iterations saturated the maximum tree depth of 20.

Energy:
E-BFMI indicated no pathological behavior.

Max Rhat: 1 
Min number of effective samples: 3539.899 
Perc of pareto k values > 0.7: 0.05

------------------------------------------------------------------------------
Subject: 25_Schizophrenia
------------------------------------------------------------------------------

Divergences:
0 of 16000 iterations ended with a divergence.

Tree depth:
0 of 16000 iterations saturated the maximum tree depth of 20.

Energy:
E-BFMI indicated no pathological behavior.

Max Rhat: 1 
Min number of effective samples: 7752.852 
Perc of pareto k values > 0.7: 0.05

------------------------------------------------------------------------------
Subject: 252_Control
------------------------------------------------------------------------------

Divergences:
0 of 16000 iterations ended with a divergence.

Tree depth:
0 of 16000 iterations saturated the maximum tree depth of 20.

Energy:
E-BFMI indicated no pathological behavior.

Max Rhat: 1 
Min number of effective samples: 10768.52 
Perc of pareto k values > 0.7: 0.1267606

------------------------------------------------------------------------------
Subject: 252_Schizophrenia
------------------------------------------------------------------------------

Divergences:
0 of 16000 iterations ended with a divergence.

Tree depth:
0 of 16000 iterations saturated the maximum tree depth of 20.

Energy:
E-BFMI indicated no pathological behavior.

Max Rhat: 1 
Min number of effective samples: 8007.531 
Perc of pareto k values > 0.7: 0.03092784

------------------------------------------------------------------------------
Subject: 257_Control
------------------------------------------------------------------------------

Divergences:
0 of 16000 iterations ended with a divergence.

Tree depth:
0 of 16000 iterations saturated the maximum tree depth of 20.

Energy:
E-BFMI indicated no pathological behavior.

Max Rhat: 1 
Min number of effective samples: 7170.343 
Perc of pareto k values > 0.7: 0.2272727

------------------------------------------------------------------------------
Subject: 257_Schizophrenia
------------------------------------------------------------------------------

Divergences:
0 of 16000 iterations ended with a divergence.

Tree depth:
0 of 16000 iterations saturated the maximum tree depth of 20.

Energy:
E-BFMI indicated no pathological behavior.

Max Rhat: 1 
Min number of effective samples: 7337.354 
Perc of pareto k values > 0.7: 0.02255639

------------------------------------------------------------------------------
Subject: 259_Control
------------------------------------------------------------------------------

Divergences:
0 of 16000 iterations ended with a divergence.

Tree depth:
0 of 16000 iterations saturated the maximum tree depth of 20.

Energy:
E-BFMI indicated no pathological behavior.

Max Rhat: 1 
Min number of effective samples: 6174.642 
Perc of pareto k values > 0.7: 0.1805556

------------------------------------------------------------------------------
Subject: 259_Schizophrenia
------------------------------------------------------------------------------

Divergences:
0 of 16000 iterations ended with a divergence.

Tree depth:
0 of 16000 iterations saturated the maximum tree depth of 20.

Energy:
E-BFMI indicated no pathological behavior.

Max Rhat: 1 
Min number of effective samples: 1694.473 
Perc of pareto k values > 0.7: 0.02803738

------------------------------------------------------------------------------
Subject: 284_Control
------------------------------------------------------------------------------

Divergences:
0 of 16000 iterations ended with a divergence.

Tree depth:
0 of 16000 iterations saturated the maximum tree depth of 20.

Energy:
E-BFMI indicated no pathological behavior.

Max Rhat: 1 
Min number of effective samples: 7735.313 
Perc of pareto k values > 0.7: 0.1770833

------------------------------------------------------------------------------
Subject: 284_Schizophrenia
------------------------------------------------------------------------------

Divergences:
0 of 16000 iterations ended with a divergence.

Tree depth:
0 of 16000 iterations saturated the maximum tree depth of 20.

Energy:
E-BFMI indicated no pathological behavior.

Max Rhat: 1 
Min number of effective samples: 5759.494 
Perc of pareto k values > 0.7: 0.05405405

------------------------------------------------------------------------------
Subject: 306_Control
------------------------------------------------------------------------------

Divergences:
0 of 16000 iterations ended with a divergence.

Tree depth:
0 of 16000 iterations saturated the maximum tree depth of 20.

Energy:
E-BFMI indicated no pathological behavior.

Max Rhat: 1 
Min number of effective samples: 7475.914 
Perc of pareto k values > 0.7: 0.2131148

------------------------------------------------------------------------------
Subject: 306_Schizophrenia
------------------------------------------------------------------------------

Divergences:
0 of 16000 iterations ended with a divergence.

Tree depth:
0 of 16000 iterations saturated the maximum tree depth of 20.

Energy:
E-BFMI indicated no pathological behavior.

Max Rhat: 1 
Min number of effective samples: 7185.074 
Perc of pareto k values > 0.7: 0.02027027

------------------------------------------------------------------------------
Subject: 316_Control
------------------------------------------------------------------------------

Divergences:
0 of 16000 iterations ended with a divergence.

Tree depth:
0 of 16000 iterations saturated the maximum tree depth of 20.

Energy:
E-BFMI indicated no pathological behavior.

Max Rhat: 1 
Min number of effective samples: 7962.4 
Perc of pareto k values > 0.7: 0.2295082

------------------------------------------------------------------------------
Subject: 316_Schizophrenia
------------------------------------------------------------------------------

Divergences:
0 of 16000 iterations ended with a divergence.

Tree depth:
0 of 16000 iterations saturated the maximum tree depth of 20.

Energy:
E-BFMI indicated no pathological behavior.

Max Rhat: 1 
Min number of effective samples: 10887.02 
Perc of pareto k values > 0.7: 0.03797468

------------------------------------------------------------------------------
Subject: 330_Control
------------------------------------------------------------------------------

Divergences:
0 of 16000 iterations ended with a divergence.

Tree depth:
0 of 16000 iterations saturated the maximum tree depth of 20.

Energy:
E-BFMI indicated no pathological behavior.

Max Rhat: 1 
Min number of effective samples: 7847.193 
Perc of pareto k values > 0.7: 0.1587302

------------------------------------------------------------------------------
Subject: 330_Schizophrenia
------------------------------------------------------------------------------

Divergences:
0 of 16000 iterations ended with a divergence.

Tree depth:
0 of 16000 iterations saturated the maximum tree depth of 20.

Energy:
E-BFMI indicated no pathological behavior.

Max Rhat: 1 
Min number of effective samples: 9558.561 
Perc of pareto k values > 0.7: 0.125

------------------------------------------------------------------------------
Subject: 362_Control
------------------------------------------------------------------------------

Divergences:
0 of 16000 iterations ended with a divergence.

Tree depth:
0 of 16000 iterations saturated the maximum tree depth of 20.

Energy:
E-BFMI indicated no pathological behavior.

Max Rhat: 1 
Min number of effective samples: 5959.821 
Perc of pareto k values > 0.7: 0.03960396

------------------------------------------------------------------------------
Subject: 362_Schizophrenia
------------------------------------------------------------------------------

Divergences:
0 of 16000 iterations ended with a divergence.

Tree depth:
0 of 16000 iterations saturated the maximum tree depth of 20.

Energy:
E-BFMI indicated no pathological behavior.

Max Rhat: 1 
Min number of effective samples: 7372.845 
Perc of pareto k values > 0.7: 0.05063291

------------------------------------------------------------------------------
Subject: 386_Control
------------------------------------------------------------------------------

Divergences:
0 of 16000 iterations ended with a divergence.

Tree depth:
0 of 16000 iterations saturated the maximum tree depth of 20.

Energy:
E-BFMI indicated no pathological behavior.

Max Rhat: 1 
Min number of effective samples: 6603.493 
Perc of pareto k values > 0.7: 0.03409091

------------------------------------------------------------------------------
Subject: 386_Schizophrenia
------------------------------------------------------------------------------

Divergences:
0 of 16000 iterations ended with a divergence.

Tree depth:
0 of 16000 iterations saturated the maximum tree depth of 20.

Energy:
E-BFMI indicated no pathological behavior.

Max Rhat: 1 
Min number of effective samples: 7842.088 
Perc of pareto k values > 0.7: 0.03738318

------------------------------------------------------------------------------
Subject: 415_Control
------------------------------------------------------------------------------

Divergences:
0 of 16000 iterations ended with a divergence.

Tree depth:
0 of 16000 iterations saturated the maximum tree depth of 20.

Energy:
E-BFMI indicated no pathological behavior.

Max Rhat: 1 
Min number of effective samples: 5951.554 
Perc of pareto k values > 0.7: 0.1827957

------------------------------------------------------------------------------
Subject: 415_Schizophrenia
------------------------------------------------------------------------------

Divergences:
0 of 16000 iterations ended with a divergence.

Tree depth:
0 of 16000 iterations saturated the maximum tree depth of 20.

Energy:
E-BFMI indicated no pathological behavior.

Max Rhat: 1 
Min number of effective samples: 4617.758 
Perc of pareto k values > 0.7: 0.04285714

------------------------------------------------------------------------------
Subject: 427_Control
------------------------------------------------------------------------------

Divergences:
0 of 16000 iterations ended with a divergence.

Tree depth:
0 of 16000 iterations saturated the maximum tree depth of 20.

Energy:
E-BFMI indicated no pathological behavior.

Max Rhat: 1 
Min number of effective samples: 7242.058 
Perc of pareto k values > 0.7: 0.2295082

------------------------------------------------------------------------------
Subject: 427_Schizophrenia
------------------------------------------------------------------------------

Divergences:
0 of 16000 iterations ended with a divergence.

Tree depth:
0 of 16000 iterations saturated the maximum tree depth of 20.

Energy:
E-BFMI indicated no pathological behavior.

Max Rhat: 1 
Min number of effective samples: 1822.169 
Perc of pareto k values > 0.7: 0.04545455

------------------------------------------------------------------------------
Subject: 486_Control
------------------------------------------------------------------------------

Divergences:
0 of 16000 iterations ended with a divergence.

Tree depth:
0 of 16000 iterations saturated the maximum tree depth of 20.

Energy:
E-BFMI indicated no pathological behavior.

Max Rhat: 1 
Min number of effective samples: 9644.037 
Perc of pareto k values > 0.7: 0.21875

------------------------------------------------------------------------------
Subject: 486_Schizophrenia
------------------------------------------------------------------------------

Divergences:
0 of 16000 iterations ended with a divergence.

Tree depth:
0 of 16000 iterations saturated the maximum tree depth of 20.

Energy:
E-BFMI indicated no pathological behavior.

Max Rhat: 1 
Min number of effective samples: 7400.108 
Perc of pareto k values > 0.7: 0.1515152

------------------------------------------------------------------------------
Subject: 530_Control
------------------------------------------------------------------------------

Divergences:
0 of 16000 iterations ended with a divergence.

Tree depth:
0 of 16000 iterations saturated the maximum tree depth of 20.

Energy:
E-BFMI indicated no pathological behavior.

Max Rhat: 1 
Min number of effective samples: 7420.072 
Perc of pareto k values > 0.7: 0.1875

------------------------------------------------------------------------------
Subject: 530_Schizophrenia
------------------------------------------------------------------------------

Divergences:
0 of 16000 iterations ended with a divergence.

Tree depth:
0 of 16000 iterations saturated the maximum tree depth of 20.

Energy:
E-BFMI indicated no pathological behavior.

Max Rhat: 1 
Min number of effective samples: 6667.245 
Perc of pareto k values > 0.7: 0.04123711

------------------------------------------------------------------------------
Subject: 598_Control
------------------------------------------------------------------------------

Divergences:
0 of 16000 iterations ended with a divergence.

Tree depth:
0 of 16000 iterations saturated the maximum tree depth of 20.

Energy:
E-BFMI indicated no pathological behavior.

Max Rhat: 1 
Min number of effective samples: 6988.584 
Perc of pareto k values > 0.7: 0.1692308

------------------------------------------------------------------------------
Subject: 614_Control
------------------------------------------------------------------------------

Divergences:
0 of 16000 iterations ended with a divergence.

Tree depth:
0 of 16000 iterations saturated the maximum tree depth of 20.

Energy:
E-BFMI indicated no pathological behavior.

Max Rhat: 1 
Min number of effective samples: 7459.203 
Perc of pareto k values > 0.7: 0.05208333

------------------------------------------------------------------------------
Subject: 614_Schizophrenia
------------------------------------------------------------------------------

Divergences:
0 of 16000 iterations ended with a divergence.

Tree depth:
0 of 16000 iterations saturated the maximum tree depth of 20.

Energy:
E-BFMI indicated no pathological behavior.

Max Rhat: 1 
Min number of effective samples: 8122.737 
Perc of pareto k values > 0.7: 0.04545455

------------------------------------------------------------------------------
Subject: 619_Control
------------------------------------------------------------------------------

Divergences:
0 of 16000 iterations ended with a divergence.

Tree depth:
0 of 16000 iterations saturated the maximum tree depth of 20.

Energy:
E-BFMI indicated no pathological behavior.

Max Rhat: 1 
Min number of effective samples: 7970.719 
Perc of pareto k values > 0.7: 0.1022727

------------------------------------------------------------------------------
Subject: 619_Schizophrenia
------------------------------------------------------------------------------

Divergences:
0 of 16000 iterations ended with a divergence.

Tree depth:
0 of 16000 iterations saturated the maximum tree depth of 20.

Energy:
E-BFMI indicated no pathological behavior.

Max Rhat: 1 
Min number of effective samples: 9719.625 
Perc of pareto k values > 0.7: 0.03960396

------------------------------------------------------------------------------
Subject: 636_Control
------------------------------------------------------------------------------

Divergences:
0 of 16000 iterations ended with a divergence.

Tree depth:
0 of 16000 iterations saturated the maximum tree depth of 20.

Energy:
E-BFMI indicated no pathological behavior.

Max Rhat: 1 
Min number of effective samples: 2572.436 
Perc of pareto k values > 0.7: 0.04545455

------------------------------------------------------------------------------
Subject: 636_Schizophrenia
------------------------------------------------------------------------------

Divergences:
0 of 16000 iterations ended with a divergence.

Tree depth:
0 of 16000 iterations saturated the maximum tree depth of 20.

Energy:
E-BFMI indicated no pathological behavior.

Max Rhat: 1 
Min number of effective samples: 989.6921 
Perc of pareto k values > 0.7: 0.0952381

------------------------------------------------------------------------------
Subject: 638_Control
------------------------------------------------------------------------------

Divergences:
0 of 16000 iterations ended with a divergence.

Tree depth:
0 of 16000 iterations saturated the maximum tree depth of 20.

Energy:
E-BFMI indicated no pathological behavior.

Max Rhat: 1 
Min number of effective samples: 6719.371 
Perc of pareto k values > 0.7: 0.1764706

------------------------------------------------------------------------------
Subject: 638_Schizophrenia
------------------------------------------------------------------------------

Divergences:
0 of 16000 iterations ended with a divergence.

Tree depth:
0 of 16000 iterations saturated the maximum tree depth of 20.

Energy:
E-BFMI indicated no pathological behavior.

Max Rhat: 1 
Min number of effective samples: 8194.289 
Perc of pareto k values > 0.7: 0

------------------------------------------------------------------------------
Subject: 647_Control
------------------------------------------------------------------------------

Divergences:
0 of 16000 iterations ended with a divergence.

Tree depth:
0 of 16000 iterations saturated the maximum tree depth of 20.

Energy:
E-BFMI indicated no pathological behavior.

Max Rhat: 1 
Min number of effective samples: 7776.816 
Perc of pareto k values > 0.7: 0.04

------------------------------------------------------------------------------
Subject: 647_Schizophrenia
------------------------------------------------------------------------------

Divergences:
0 of 16000 iterations ended with a divergence.

Tree depth:
0 of 16000 iterations saturated the maximum tree depth of 20.

Energy:
E-BFMI indicated no pathological behavior.

Max Rhat: 1 
Min number of effective samples: 8021.476 
Perc of pareto k values > 0.7: 0.1578947

------------------------------------------------------------------------------
Subject: 679_Control
------------------------------------------------------------------------------

Divergences:
0 of 16000 iterations ended with a divergence.

Tree depth:
0 of 16000 iterations saturated the maximum tree depth of 20.

Energy:
E-BFMI indicated no pathological behavior.

Max Rhat: 1 
Min number of effective samples: 8785.121 
Perc of pareto k values > 0.7: 0.03603604

------------------------------------------------------------------------------
Subject: 679_Schizophrenia
------------------------------------------------------------------------------

Divergences:
0 of 16000 iterations ended with a divergence.

Tree depth:
0 of 16000 iterations saturated the maximum tree depth of 20.

Energy:
E-BFMI indicated no pathological behavior.

Max Rhat: 1 
Min number of effective samples: 6771.787 
Perc of pareto k values > 0.7: 0.04395604

------------------------------------------------------------------------------
Subject: 686_Control
------------------------------------------------------------------------------

Divergences:
0 of 16000 iterations ended with a divergence.

Tree depth:
0 of 16000 iterations saturated the maximum tree depth of 20.

Energy:
E-BFMI indicated no pathological behavior.

Max Rhat: 1 
Min number of effective samples: 7790.706 
Perc of pareto k values > 0.7: 0.2647059

------------------------------------------------------------------------------
Subject: 686_Schizophrenia
------------------------------------------------------------------------------

Divergences:
0 of 16000 iterations ended with a divergence.

Tree depth:
0 of 16000 iterations saturated the maximum tree depth of 20.

Energy:
E-BFMI indicated no pathological behavior.

Max Rhat: 1 
Min number of effective samples: 8477.659 
Perc of pareto k values > 0.7: 0.125

------------------------------------------------------------------------------
Subject: 692_Control
------------------------------------------------------------------------------

Divergences:
0 of 16000 iterations ended with a divergence.

Tree depth:
0 of 16000 iterations saturated the maximum tree depth of 20.

Energy:
E-BFMI indicated no pathological behavior.

Max Rhat: 1 
Min number of effective samples: 4816.912 
Perc of pareto k values > 0.7: 0.02083333

------------------------------------------------------------------------------
Subject: 692_Schizophrenia
------------------------------------------------------------------------------

Divergences:
0 of 16000 iterations ended with a divergence.

Tree depth:
0 of 16000 iterations saturated the maximum tree depth of 20.

Energy:
E-BFMI indicated no pathological behavior.

Max Rhat: 1 
Min number of effective samples: 3379.356 
Perc of pareto k values > 0.7: 0.04347826

------------------------------------------------------------------------------
Subject: 706_Control
------------------------------------------------------------------------------

Divergences:
0 of 16000 iterations ended with a divergence.

Tree depth:
0 of 16000 iterations saturated the maximum tree depth of 20.

Energy:
E-BFMI indicated no pathological behavior.

Max Rhat: 1 
Min number of effective samples: 7820.457 
Perc of pareto k values > 0.7: 0.173913

------------------------------------------------------------------------------
Subject: 706_Schizophrenia
------------------------------------------------------------------------------

Divergences:
0 of 16000 iterations ended with a divergence.

Tree depth:
0 of 16000 iterations saturated the maximum tree depth of 20.

Energy:
E-BFMI indicated no pathological behavior.

Max Rhat: 1 
Min number of effective samples: 3011.986 
Perc of pareto k values > 0.7: 0.2222222

------------------------------------------------------------------------------
Subject: 740_Control
------------------------------------------------------------------------------

Divergences:
0 of 16000 iterations ended with a divergence.

Tree depth:
0 of 16000 iterations saturated the maximum tree depth of 20.

Energy:
E-BFMI indicated no pathological behavior.

Max Rhat: 1 
Min number of effective samples: 9444.357 
Perc of pareto k values > 0.7: 0.04210526

------------------------------------------------------------------------------
Subject: 740_Schizophrenia
------------------------------------------------------------------------------

Divergences:
0 of 16000 iterations ended with a divergence.

Tree depth:
0 of 16000 iterations saturated the maximum tree depth of 20.

Energy:
E-BFMI indicated no pathological behavior.

Max Rhat: 1 
Min number of effective samples: 2626.556 
Perc of pareto k values > 0.7: 0.0989011

------------------------------------------------------------------------------
Subject: 764_Control
------------------------------------------------------------------------------

Divergences:
0 of 16000 iterations ended with a divergence.

Tree depth:
0 of 16000 iterations saturated the maximum tree depth of 20.

Energy:
E-BFMI indicated no pathological behavior.

Max Rhat: 1 
Min number of effective samples: 7073.744 
Perc of pareto k values > 0.7: 0.15625

------------------------------------------------------------------------------
Subject: 764_Schizophrenia
------------------------------------------------------------------------------

Divergences:
0 of 16000 iterations ended with a divergence.

Tree depth:
0 of 16000 iterations saturated the maximum tree depth of 20.

Energy:
E-BFMI indicated no pathological behavior.

Max Rhat: 1 
Min number of effective samples: 7048.232 
Perc of pareto k values > 0.7: 0.06493506

------------------------------------------------------------------------------
Subject: 772_Control
------------------------------------------------------------------------------

Divergences:
0 of 16000 iterations ended with a divergence.

Tree depth:
0 of 16000 iterations saturated the maximum tree depth of 20.

Energy:
E-BFMI indicated no pathological behavior.

Max Rhat: 1 
Min number of effective samples: 6905.373 
Perc of pareto k values > 0.7: 0.1351351

------------------------------------------------------------------------------
Subject: 772_Schizophrenia
------------------------------------------------------------------------------

Divergences:
0 of 16000 iterations ended with a divergence.

Tree depth:
0 of 16000 iterations saturated the maximum tree depth of 20.

Energy:
E-BFMI indicated no pathological behavior.

Max Rhat: 1 
Min number of effective samples: 7621.098 
Perc of pareto k values > 0.7: 0.02857143

------------------------------------------------------------------------------
Subject: 951_Control
------------------------------------------------------------------------------

Divergences:
0 of 16000 iterations ended with a divergence.

Tree depth:
0 of 16000 iterations saturated the maximum tree depth of 20.

Energy:
E-BFMI indicated no pathological behavior.

Max Rhat: 1 
Min number of effective samples: 8753.798 
Perc of pareto k values > 0.7: 0.1714286

------------------------------------------------------------------------------
Subject: 951_Schizophrenia
------------------------------------------------------------------------------

Divergences:
0 of 16000 iterations ended with a divergence.

Tree depth:
0 of 16000 iterations saturated the maximum tree depth of 20.

Energy:
E-BFMI indicated no pathological behavior.

Max Rhat: 1 
Min number of effective samples: 9404.546 
Perc of pareto k values > 0.7: 0.1527778

------------------------------------------------------------------------------
Subject: 954_Control
------------------------------------------------------------------------------

Divergences:
0 of 16000 iterations ended with a divergence.

Tree depth:
0 of 16000 iterations saturated the maximum tree depth of 20.

Energy:
E-BFMI indicated no pathological behavior.

Max Rhat: 1 
Min number of effective samples: 7876.375 
Perc of pareto k values > 0.7: 0.1666667

------------------------------------------------------------------------------
Subject: 954_Schizophrenia
------------------------------------------------------------------------------

Divergences:
0 of 16000 iterations ended with a divergence.

Tree depth:
0 of 16000 iterations saturated the maximum tree depth of 20.

Energy:
E-BFMI indicated no pathological behavior.

Max Rhat: 1 
Min number of effective samples: 1210.276 
Perc of pareto k values > 0.7: 0.04166667

------------------------------------------------------------------------------
Subject: 967_Control
------------------------------------------------------------------------------

Divergences:
0 of 16000 iterations ended with a divergence.

Tree depth:
0 of 16000 iterations saturated the maximum tree depth of 20.

Energy:
E-BFMI indicated no pathological behavior.

Max Rhat: 1 
Min number of effective samples: 5095.854 
Perc of pareto k values > 0.7: 0.05633803

------------------------------------------------------------------------------
Subject: 967_Schizophrenia
------------------------------------------------------------------------------

Divergences:
0 of 16000 iterations ended with a divergence.

Tree depth:
0 of 16000 iterations saturated the maximum tree depth of 20.

Energy:
E-BFMI indicated no pathological behavior.

Max Rhat: 1 
Min number of effective samples: 7753.03 
Perc of pareto k values > 0.7: 0

------------------------------------------------------------------------------
Subject: 998_Control
------------------------------------------------------------------------------

Divergences:
0 of 16000 iterations ended with a divergence.

Tree depth:
0 of 16000 iterations saturated the maximum tree depth of 20.

Energy:
E-BFMI indicated no pathological behavior.

Max Rhat: 1 
Min number of effective samples: 10045.73 
Perc of pareto k values > 0.7: 0.06944444

------------------------------------------------------------------------------
Subject: 998_Schizophrenia
------------------------------------------------------------------------------

Divergences:
0 of 16000 iterations ended with a divergence.

Tree depth:
0 of 16000 iterations saturated the maximum tree depth of 20.

Energy:
E-BFMI indicated no pathological behavior.

Max Rhat: 1 
Min number of effective samples: 7300.763 
Perc of pareto k values > 0.7: 0.06428571There were 50 or more warnings (use warnings() to see the first 50)

------------------------------------------------------------------------------
Sorted max Rhats:
 1 1 1 1 1 1 1 1 1 1 1 1 1 1 1 1 1 1 1 1 1 1 1 1 1 1 1 1 1 1 1 1 1 1 1 1 1 1 1 1 1 1 1 1 1 1 1 1 1 1 1 1 1 1 1 1 1 1 1 1 1 1 1 1 1 1 1 1 1 1 1 1 1 1 1 1 1 1
Max of max Rhats:  1

Sorted min number of effective samples:
 989.6921 1210.276 1694.473 1822.169 2572.436 2626.556 2821.703 3011.986 3055.397 3249.693 3379.356 3539.899 3724.51 4617.758 4816.912 5095.854 5759.494 5951.554 5959.821 5968.743 6174.642 6331.152 6465.49 6467.853 6603.493 6667.245 6719.371 6771.787 6905.373 6977.823 6988.584 7048.232 7073.744 7111.108 7131.226 7145.745 7170.343 7185.074 7242.058 7300.763 7337.354 7372.845 7400.108 7418.295 7420.072 7459.203 7475.914 7621.098 7735.313 7752.852 7753.03 7776.816 7790.706 7820.457 7842.088 7847.193 7862.524 7876.375 7962.4 7970.719 8007.531 8021.476 8122.737 8194.289 8316.649 8477.659 8753.798 8785.121 8823.946 8947.436 9404.546 9444.357 9558.561 9644.037 9719.625 10045.73 10768.52 10887.02
Min of min number of effective samples:  989.6921

Sorted percent of pareto k values above threshold (0.7):
 0 0 0 0.01 0.02027027 0.02083333 0.02255639 0.02803738 0.02857143 0.03061224 0.03092784 0.03225806 0.03409091 0.03603604 0.03738318 0.03797468 0.03896104 0.03960396 0.03960396 0.04 0.04 0.04123711 0.04123711 0.04166667 0.04210526 0.04285714 0.04347826 0.04395604 0.04545455 0.04545455 0.04545455 0.04545455 0.04615385 0.04761905 0.05 0.05 0.05063291 0.05208333 0.05405405 0.05494505 0.05633803 0.05714286 0.06428571 0.06493506 0.06944444 0.078125 0.0952381 0.0989011 0.1022727 0.125 0.125 0.1267606 0.1351351 0.1449275 0.1470588 0.1515152 0.1527778 0.15625 0.1578947 0.1587302 0.1666667 0.1692308 0.1714286 0.173913 0.1764706 0.1770833 0.1805556 0.1827957 0.1875 0.1935484 0.2089552 0.2131148 0.21875 0.2222222 0.2272727 0.2295082 0.2295082 0.2647059
Max of percent of pareto k values above threshold (0.7):  0.2647059
------------------------------------------------------------------------------
